{
  "RSpec": {
    "coverage": {
      "/Users/benlawrence/Desktop/Projects_Makes/week-5/Projects_MakersBnB/makersbnb_challenge/app.rb": {
        "lines": [
          1,
          1,
          1,
          1,
          null,
          1,
          1,
          null,
          1,
          null,
          1,
          2,
          null,
          null,
          1,
          2,
          null,
          null,
          null,
          1,
          0,
          0,
          null,
          null,
          1,
          0,
          null,
          null,
          1,
          2,
          null,
          null,
          1,
          1,
          1,
          null,
          null,
          1,
          2,
          null,
          null,
          1,
          1,
          1,
          1,
          1,
          null,
          null,
          null
        ]
      },
      "/Users/benlawrence/Desktop/Projects_Makes/week-5/Projects_MakersBnB/makersbnb_challenge/database_connection.rb": {
        "lines": [
          1,
          null,
          1,
          1,
          null,
          0,
          null
        ]
      },
      "/Users/benlawrence/Desktop/Projects_Makes/week-5/Projects_MakersBnB/makersbnb_challenge/lib/space.rb": {
        "lines": [
          1,
          null,
          1,
          null,
          null
        ]
      },
      "/Users/benlawrence/Desktop/Projects_Makes/week-5/Projects_MakersBnB/makersbnb_challenge/lib/user.rb": {
        "lines": [
          1,
          null,
          1,
          null,
          null
        ]
      },
      "/Users/benlawrence/Desktop/Projects_Makes/week-5/Projects_MakersBnB/makersbnb_challenge/spec/setup_test_database.rb": {
        "lines": [
          1,
          null,
          1,
          7,
          null,
          7,
          null,
          null
        ]
      },
      "/Users/benlawrence/Desktop/Projects_Makes/week-5/Projects_MakersBnB/makersbnb_challenge/spec/features/hire_space_spec.rb": {
        "lines": [
          1,
          1,
          1,
          1,
          1,
          1,
          1,
          1,
          1,
          null,
          null
        ]
      },
      "/Users/benlawrence/Desktop/Projects_Makes/week-5/Projects_MakersBnB/makersbnb_challenge/spec/features/sign_up_spec.rb": {
        "lines": [
          1,
          1,
          1,
          1,
          1,
          1,
          null,
          null,
          1,
          1,
          1,
          1,
          1,
          1,
          null,
          null
        ]
      },
      "/Users/benlawrence/Desktop/Projects_Makes/week-5/Projects_MakersBnB/makersbnb_challenge/spec/features/user_names_space_spec.rb": {
        "lines": [
          1,
          1,
          1,
          1,
          null,
          1,
          1,
          1,
          1,
          null,
          null,
          null
        ]
      },
      "/Users/benlawrence/Desktop/Projects_Makes/week-5/Projects_MakersBnB/makersbnb_challenge/spec/features/users_can_list_new_space_spec.rb": {
        "lines": [
          1,
          1,
          1,
          null,
          1,
          null,
          1,
          null,
          1,
          1,
          null,
          null
        ]
      },
      "/Users/benlawrence/Desktop/Projects_Makes/week-5/Projects_MakersBnB/makersbnb_challenge/spec/unit/date_base_spec.rb": {
        "lines": [
          1,
          1,
          null,
          1,
          1,
          1,
          null,
          null
        ]
      },
      "/Users/benlawrence/Desktop/Projects_Makes/week-5/Projects_MakersBnB/makersbnb_challenge/spec/unit/space_spec.rb": {
        "lines": [
          1,
          null,
          1,
          1,
          1,
          1,
          null,
          1,
          null,
          null,
          null
        ]
      }
    },
    "timestamp": 1610016983
  }
}
